<?xml version="1.0" encoding="UTF-8"?>
<testng-results ignored="0" total="1" passed="1" failed="0" skipped="0">
  <reporter-output>
  </reporter-output>
  <suite started-at="2025-04-29T14:47:55 IST" name="Suite1" finished-at="2025-04-29T14:48:04 IST" duration-ms="8930">
    <groups>
    </groups>
    <test started-at="2025-04-29T14:47:55 IST" name="Test UI" finished-at="2025-04-29T14:48:04 IST" duration-ms="8930">
      <class name="mavenforjenkins.UITest">
        <test-method signature="sampleUITest(java.lang.String)[pri:0, instance:mavenforjenkins.UITest@4445629]" started-at="2025-04-29T14:47:55 IST" name="sampleUITest" finished-at="2025-04-29T14:48:04 IST" duration-ms="8912" status="PASS">
          <params>
            <param index="0">
              <value>
                <![CDATA[chrome]]>
              </value>
            </param>
          </params>
          <reporter-output>
          </reporter-output>
        </test-method> <!-- sampleUITest -->
      </class> <!-- mavenforjenkins.UITest -->
    </test> <!-- Test UI -->
  </suite> <!-- Suite1 -->
</testng-results>
